2023-11-08 00:02:07.254 [main] DEBUG com.bohuajia.o2o.dao.ShopDAO.insertShop - ==>  Preparing: INSERT INTO tb_shop(owner_id, region_id, shop_category_id, shop_name, shop_desc, shop_addr, phone, shop_img, priority, create_time, last_edit_time, enable_status, advice) VALUES (?,?,?,?, ?,?,?,?,?, ?,?, ?,?) 
2023-11-08 00:02:07.286 [main] DEBUG com.bohuajia.o2o.dao.ShopDAO.insertShop - ==> Parameters: 1(Long), 2(Integer), 1(Long), test shop 3(String), test3(String), test3(String), test3(String), null, null, 2023-11-08 00:02:07.242(Timestamp), 2023-11-08 00:02:07.242(Timestamp), 0(Integer), Validating(String)
2023-11-08 00:02:07.304 [main] DEBUG com.bohuajia.o2o.dao.ShopDAO.insertShop - <==    Updates: 1
2023-11-08 00:02:07.313 [main] DEBUG com.bohuajia.o2o.util.ImageUtil - current relativeAddr is :/upload/images/item/shop/38/2023110800020712668.jpeg
2023-11-08 00:02:07.313 [main] DEBUG com.bohuajia.o2o.util.ImageUtil - current complete addr is :/Users/projbh/Github_projects/image/upload/images/item/shop/38/2023110800020712668.jpeg
2023-11-08 00:02:07.313 [main] DEBUG com.bohuajia.o2o.util.ImageUtil - basePath is :/Users/projbh/Github_projects/full_stack_web_design/full_stack_web_design/o2o/target/test-classes/
2023-11-08 00:12:59.664 [main] DEBUG com.bohuajia.o2o.dao.ShopDAO.insertShop - ==>  Preparing: INSERT INTO tb_shop(owner_id, region_id, shop_category_id, shop_name, shop_desc, shop_addr, phone, shop_img, priority, create_time, last_edit_time, enable_status, advice) VALUES (?,?,?,?, ?,?,?,?,?, ?,?, ?,?) 
2023-11-08 00:12:59.691 [main] DEBUG com.bohuajia.o2o.dao.ShopDAO.insertShop - ==> Parameters: 1(Long), 2(Integer), 1(Long), test_shop_3(String), test3(String), test3(String), test3(String), null, null, 2023-11-08 00:12:59.654(Timestamp), 2023-11-08 00:12:59.654(Timestamp), 0(Integer), Validating(String)
2023-11-08 00:12:59.706 [main] DEBUG com.bohuajia.o2o.dao.ShopDAO.insertShop - <==    Updates: 1
2023-11-08 00:12:59.715 [main] DEBUG com.bohuajia.o2o.util.ImageUtil - current relativeAddr is :/upload/images/item/shop/39/2023110800125979717.jpeg
2023-11-08 00:12:59.715 [main] DEBUG com.bohuajia.o2o.util.ImageUtil - current complete addr is :/Users/projbh/Github_projects/image/upload/images/item/shop/39/2023110800125979717.jpeg
2023-11-08 00:12:59.715 [main] DEBUG com.bohuajia.o2o.util.ImageUtil - basePath is :/Users/projbh/Github_projects/full_stack_web_design/full_stack_web_design/o2o/target/test-classes/
2023-11-08 00:17:05.487 [main] DEBUG com.bohuajia.o2o.dao.ShopDAO.insertShop - ==>  Preparing: INSERT INTO tb_shop(owner_id, region_id, shop_category_id, shop_name, shop_desc, shop_addr, phone, shop_img, priority, create_time, last_edit_time, enable_status, advice) VALUES (?,?,?,?, ?,?,?,?,?, ?,?, ?,?) 
2023-11-08 00:17:05.513 [main] DEBUG com.bohuajia.o2o.dao.ShopDAO.insertShop - ==> Parameters: 1(Long), 2(Integer), 1(Long), test_shop_3(String), test3(String), test3(String), test3(String), null, null, 2023-11-08 00:17:05.472(Timestamp), 2023-11-08 00:17:05.472(Timestamp), 0(Integer), Validating(String)
2023-11-08 00:17:05.531 [main] DEBUG com.bohuajia.o2o.dao.ShopDAO.insertShop - <==    Updates: 1
2023-11-08 00:17:05.540 [main] DEBUG com.bohuajia.o2o.util.ImageUtil - current relativeAddr is :/upload/images/item/shop/40/2023110800170549422.jpeg
2023-11-08 00:17:05.540 [main] DEBUG com.bohuajia.o2o.util.ImageUtil - current complete addr is :/Users/projbh/Github_projects/image/upload/images/item/shop/40/2023110800170549422.jpeg
2023-11-08 00:17:05.540 [main] DEBUG com.bohuajia.o2o.util.ImageUtil - basePath is :/Users/projbh/Github_projects/full_stack_web_design/full_stack_web_design/o2o/target/test-classes/
2023-11-08 16:00:56.443 [main] DEBUG com.bohuajia.o2o.dao.ShopDAO.insertShop - ==>  Preparing: INSERT INTO tb_shop(owner_id, region_id, shop_category_id, shop_name, shop_desc, shop_addr, phone, shop_img, priority, create_time, last_edit_time, enable_status, advice) VALUES (?,?,?,?, ?,?,?,?,?, ?,?, ?,?) 
2023-11-08 16:00:56.473 [main] DEBUG com.bohuajia.o2o.dao.ShopDAO.insertShop - ==> Parameters: 1(Long), 2(Integer), 1(Long), test_shop_3(String), test3(String), test3(String), test3(String), null, null, 2023-11-08 16:00:56.429(Timestamp), 2023-11-08 16:00:56.429(Timestamp), 0(Integer), Validating(String)
2023-11-08 16:00:56.485 [main] DEBUG com.bohuajia.o2o.dao.ShopDAO.insertShop - <==    Updates: 1
2023-11-08 16:00:56.494 [main] DEBUG com.bohuajia.o2o.util.ImageUtil - current relativeAddr is :/upload/images/item/shop/41/2023110816005652644.jpeg
2023-11-08 16:00:56.494 [main] DEBUG com.bohuajia.o2o.util.ImageUtil - current complete addr is :/Users/projbh/Github_projects/full_stack_web_design/image/upload/images/item/shop/41/2023110816005652644.jpeg
2023-11-08 16:00:56.494 [main] DEBUG com.bohuajia.o2o.util.ImageUtil - basePath is :/Users/projbh/Github_projects/full_stack_web_design/full_stack_web_design/o2o/target/test-classes/
2023-11-08 16:08:21.829 [main] DEBUG com.bohuajia.o2o.dao.ShopDAO.insertShop - ==>  Preparing: INSERT INTO tb_shop(owner_id, region_id, shop_category_id, shop_name, shop_desc, shop_addr, phone, shop_img, priority, create_time, last_edit_time, enable_status, advice) VALUES (?,?,?,?, ?,?,?,?,?, ?,?, ?,?) 
2023-11-08 16:08:32.068 [main] DEBUG com.bohuajia.o2o.dao.ShopDAO.insertShop - ==> Parameters: 1(Long), 2(Integer), 1(Long), test_shop_3(String), test3(String), test3(String), test3(String), null, null, 2023-11-08 16:08:18.657(Timestamp), 2023-11-08 16:08:18.657(Timestamp), 0(Integer), Validating(String)
2023-11-08 16:08:32.147 [main] DEBUG com.bohuajia.o2o.dao.ShopDAO.insertShop - <==    Updates: 1
2023-11-08 16:08:34.403 [main] DEBUG com.bohuajia.o2o.util.ImageUtil - current relativeAddr is :/upload/images/item/shop/42/2023110816083455013.jpeg
2023-11-08 16:08:34.418 [main] DEBUG com.bohuajia.o2o.util.ImageUtil - current complete addr is :/Users/projbh/Github_projects/full_stack_web_design/image/upload/images/item/shop/42/2023110816083455013.jpeg
2023-11-08 16:08:34.427 [main] DEBUG com.bohuajia.o2o.util.ImageUtil - basePath is :/Users/projbh/Github_projects/full_stack_web_design/full_stack_web_design/o2o/target/test-classes/
2023-11-08 16:11:08.775 [main] DEBUG com.bohuajia.o2o.dao.ShopDAO.insertShop - ==>  Preparing: INSERT INTO tb_shop(owner_id, region_id, shop_category_id, shop_name, shop_desc, shop_addr, phone, shop_img, priority, create_time, last_edit_time, enable_status, advice) VALUES (?,?,?,?, ?,?,?,?,?, ?,?, ?,?) 
2023-11-08 16:11:08.848 [main] DEBUG com.bohuajia.o2o.dao.ShopDAO.insertShop - ==> Parameters: 1(Long), 2(Integer), 1(Long), test_shop_3(String), test3(String), test3(String), test3(String), null, null, 2023-11-08 16:11:08.747(Timestamp), 2023-11-08 16:11:08.747(Timestamp), 0(Integer), Validating(String)
2023-11-08 16:11:08.867 [main] DEBUG com.bohuajia.o2o.dao.ShopDAO.insertShop - <==    Updates: 1
2023-11-08 16:17:21.036 [main] DEBUG com.bohuajia.o2o.util.ImageUtil - current relativeAddr is :/upload/images/item/shop/43/2023110816130488321.jpeg
2023-11-08 16:20:07.621 [main] DEBUG com.bohuajia.o2o.util.ImageUtil - current complete addr is :/Users/projbh/Github_projects/full_stack_web_design/image/upload/images/item/shop/43/2023110816130488321.jpeg
2023-11-08 16:20:10.021 [main] DEBUG com.bohuajia.o2o.util.ImageUtil - basePath is :/Users/projbh/Github_projects/full_stack_web_design/full_stack_web_design/o2o/target/test-classes/
2023-11-08 16:22:54.394 [main] DEBUG com.bohuajia.o2o.dao.ShopDAO.updateShop - ==>  Preparing: update tb_shop SET shop_name=?, shop_desc=?, shop_addr=?, phone=?, shop_img=?, last_edit_time=?, enable_status=?, advice=?, region_id=?, shop_category_id=? where shop_id=? 
2023-11-08 16:22:54.395 [main] DEBUG com.bohuajia.o2o.dao.ShopDAO.updateShop - ==> Parameters: test_shop_3(String), test3(String), test3(String), test3(String), /upload/images/item/shop/43/2023110816130488321.jpeg(String), 2023-11-08 16:11:08.747(Timestamp), 0(Integer), Validating(String), 2(Integer), 1(Long), 43(Long)
2023-11-08 16:22:54.447 [main] DEBUG com.bohuajia.o2o.dao.ShopDAO.updateShop - <==    Updates: 1
2023-11-08 16:23:21.556 [main] DEBUG com.bohuajia.o2o.dao.ShopDAO.insertShop - ==>  Preparing: INSERT INTO tb_shop(owner_id, region_id, shop_category_id, shop_name, shop_desc, shop_addr, phone, shop_img, priority, create_time, last_edit_time, enable_status, advice) VALUES (?,?,?,?, ?,?,?,?,?, ?,?, ?,?) 
2023-11-08 16:23:21.582 [main] DEBUG com.bohuajia.o2o.dao.ShopDAO.insertShop - ==> Parameters: 1(Long), 2(Integer), 1(Long), test_shop_3(String), test3(String), test3(String), test3(String), null, null, 2023-11-08 16:23:21.546(Timestamp), 2023-11-08 16:23:21.546(Timestamp), 0(Integer), Validating(String)
2023-11-08 16:23:21.589 [main] DEBUG com.bohuajia.o2o.dao.ShopDAO.insertShop - <==    Updates: 1
2023-11-08 16:23:21.597 [main] DEBUG com.bohuajia.o2o.util.ImageUtil - current relativeAddr is :/upload/images/item/shop/44/2023110816232111692.jpeg
2023-11-08 16:23:21.597 [main] DEBUG com.bohuajia.o2o.util.ImageUtil - current complete addr is :/Users/projbh/Github_projects/full_stack_web_design/image/upload/images/item/shop/44/2023110816232111692.jpeg
2023-11-08 16:23:21.597 [main] DEBUG com.bohuajia.o2o.util.ImageUtil - basePath is :/Users/projbh/Github_projects/full_stack_web_design/full_stack_web_design/o2o/target/test-classes/
2023-11-08 16:23:21.865 [main] DEBUG com.bohuajia.o2o.dao.ShopDAO.updateShop - ==>  Preparing: update tb_shop SET shop_name=?, shop_desc=?, shop_addr=?, phone=?, shop_img=?, last_edit_time=?, enable_status=?, advice=?, region_id=?, shop_category_id=? where shop_id=? 
2023-11-08 16:23:21.866 [main] DEBUG com.bohuajia.o2o.dao.ShopDAO.updateShop - ==> Parameters: test_shop_3(String), test3(String), test3(String), test3(String), /upload/images/item/shop/44/2023110816232111692.jpeg(String), 2023-11-08 16:23:21.546(Timestamp), 0(Integer), Validating(String), 2(Integer), 1(Long), 44(Long)
2023-11-08 16:23:21.867 [main] DEBUG com.bohuajia.o2o.dao.ShopDAO.updateShop - <==    Updates: 1
